C:\USERS\BOLARINWA\DOCUMENTS\VISUAL STUDIO 2012\PROJECTS\CSC421_GROUP4\DEBUG\VC110.PDB
C:\USERS\BOLARINWA\DOCUMENTS\VISUAL STUDIO 2012\PROJECTS\CSC421_GROUP4\DEBUG\DOUBLYLINKEDLISTIMPLEMENTER.OBJ
C:\USERS\BOLARINWA\DOCUMENTS\VISUAL STUDIO 2012\PROJECTS\CSC421_GROUP4\DEBUG\QUESTION1.ILK
C:\USERS\BOLARINWA\DOCUMENTS\VISUAL STUDIO 2012\PROJECTS\CSC421_GROUP4\DEBUG\QUESTION1.EXE
C:\USERS\BOLARINWA\DOCUMENTS\VISUAL STUDIO 2012\PROJECTS\CSC421_GROUP4\DEBUG\QUESTION1.PDB
C:\Users\Bolarinwa\Documents\Visual Studio 2012\Projects\CSC421_Group4\Debug\DoublyLinkedListImplementer.obj
C:\Users\Bolarinwa\Documents\Visual Studio 2012\Projects\CSC421_Group4\Debug\CSC421_Group4.ilk
C:\Users\Bolarinwa\Documents\Visual Studio 2012\Projects\CSC421_Group4\Debug\Question1.ilk
C:\Users\Bolarinwa\Documents\Visual Studio 2012\Projects\CSC421_Group4\Debug\cl.command.1.tlog
C:\Users\Bolarinwa\Documents\Visual Studio 2012\Projects\CSC421_Group4\Debug\CL.read.1.tlog
C:\Users\Bolarinwa\Documents\Visual Studio 2012\Projects\CSC421_Group4\Debug\CL.write.1.tlog
C:\Users\Bolarinwa\Documents\Visual Studio 2012\Projects\CSC421_Group4\Debug\link-cvtres.read.1.tlog
C:\Users\Bolarinwa\Documents\Visual Studio 2012\Projects\CSC421_Group4\Debug\link-cvtres.write.1.tlog
C:\Users\Bolarinwa\Documents\Visual Studio 2012\Projects\CSC421_Group4\Debug\link-rc.read.1.tlog
C:\Users\Bolarinwa\Documents\Visual Studio 2012\Projects\CSC421_Group4\Debug\link-rc.write.1.tlog
C:\Users\Bolarinwa\Documents\Visual Studio 2012\Projects\CSC421_Group4\Debug\link.command.1.tlog
C:\Users\Bolarinwa\Documents\Visual Studio 2012\Projects\CSC421_Group4\Debug\link.read.1.tlog
C:\Users\Bolarinwa\Documents\Visual Studio 2012\Projects\CSC421_Group4\Debug\link.write.1.tlog
C:\Users\Bolarinwa\Documents\Visual Studio 2012\Projects\CSC421_Group4\Debug\vc110.idb
C:\Users\Bolarinwa\Documents\Visual Studio 2012\Projects\CSC421_Group4\Debug\CSC421_Group4.pdb
C:\Users\Bolarinwa\Documents\Visual Studio 2012\Projects\CSC421_Group4\Debug\Question1.pdb
C:\Users\Bolarinwa\Documents\Visual Studio 2012\Projects\CSC421_Group4\Debug\vc110.pdb
C:\Users\Bolarinwa\Documents\Visual Studio 2012\Projects\CSC421_Group4\Debug\Question1.exe
